<?xml version="1.0" encoding="UTF-8"?>
<!-- Generated by org.testng.reporters.JUnitXMLReporter -->
<testsuite ignored="5" hostname="LAPTOP-I7C0VFGJ" failures="0" tests="0" time="0.016" errors="0" timestamp="2023-09-17T14:41:32 IST">
  <testcase classname="seleniummodule.TestNgPractice" name="method1" time="0.0">
    <ignored/>
  </testcase> <!-- method1 -->
  <testcase classname="seleniummodule.TestNgPractice" name="method2" time="0.0">
    <ignored/>
  </testcase> <!-- method2 -->
  <testcase classname="seleniummodule.TestNgPractice2" name="method1" time="0.0">
    <ignored/>
  </testcase> <!-- method1 -->
  <testcase classname="seleniummodule.TestNgPractice2" name="method2" time="0.0">
    <ignored/>
  </testcase> <!-- method2 -->
  <testcase classname="seleniummodule.TestNgPractice2" name="method3" time="0.0">
    <ignored/>
  </testcase> <!-- method3 -->
</testsuite>
